1575374625994	mozrunner::runner	INFO	Running command: "C:\\Program Files\\Mozilla Firefox\\firefox.exe" "-marionette" "-foreground" "-no-remote" "-profile" "C:\\Users\\dbpython\\AppData\\Local\\Temp\\rust_mozprofileiFOVl3"
1575374643408	addons.webextension.screenshots@mozilla.org	WARN	Loading extension 'screenshots@mozilla.org': Reading manifest: Invalid extension permission: mozillaAddons
1575374643408	addons.webextension.screenshots@mozilla.org	WARN	Loading extension 'screenshots@mozilla.org': Reading manifest: Invalid extension permission: telemetry
1575374643409	addons.webextension.screenshots@mozilla.org	WARN	Loading extension 'screenshots@mozilla.org': Reading manifest: Invalid extension permission: resource://pdf.js/
1575374643410	addons.webextension.screenshots@mozilla.org	WARN	Loading extension 'screenshots@mozilla.org': Reading manifest: Invalid extension permission: about:reader*
JavaScript error: resource://gre/modules/XULStore.jsm, line 66: Error: Can't find profile directory.
[Parent 10044, Gecko_IOThread] WARNING: pipe error: 109: file z:/task_1572401533/build/src/ipc/chromium/src/chrome/common/ipc_channel_win.cc, line 341
[Child 5608, Chrome_ChildThread] WARNING: pipe error: 109: file z:/task_1572401533/build/src/ipc/chromium/src/chrome/common/ipc_channel_win.cc, line 341
[Child 5608, Chrome_ChildThread] WARNING: pipe1575374672337	Marionette	INFO	Listening on port 55837
1575374672471	Marionette	WARN	TLS certificate errors will be ignored for this session
[Child 4832, Chrome_ChildThread] WARNING: pipe error: 109: file z:/task_1572401533/build/src/ipc/chromium/src/chrome/common/ipc_channel_win.cc, line 341
[Child 4832, Chrome_ChildThread] WARNI[Child 3660, Chrome_ChildThread] WARNING: pipe error: 109: file z:/task_1572401533/build/src/ipc/chromium/src/chrome/common/ipc_channel_win.cc, line 341
[[Child 5324, Chrome_ChildThread] WARNING: pipe error: 109: file z:/task_1572401533/build/src/ipc/chromium/src/chrome/common/ipc_channel_win.cc, line 341
[Child 5324, Chrome_ChildThread] WARNING: pconsole.error: (new Error("Transaction canceled due to a closed connection.", "resource://gre/modules/Sqlite.jsm", 613))
1575374722755	Marionette	INFO	Stopped listening on port 55837
[GPU 6656, Chrome_ChildThre1575374749619	mozrunner::runner	INFO	Running command: "C:\\Program Files\\Mozilla Firefox\\firefox.exe" "-marionette" "-foreground" "-no-remote" "-profile" "C:\\Users\\dbpython\\AppData\\Local\\Temp\\rust_mozprofileJjvEgl"
1575374752405	addons.webextension.screenshots@mozilla.org	WARN	Loading extension 'screenshots@mozilla.org': Reading manifest: Invalid extension permission: mozillaAddons
1575374752405	addons.webextension.screenshots@mozilla.org	WARN	Loading extension 'screenshots@mozilla.org': Reading manifest: Invalid extension permission: telemetry
1575374752405	addons.webextension.screenshots@mozilla.org	WARN	Loading extension 'screenshots@mozilla.org': Reading manifest: Invalid extension permission: resource://pdf.js/
1575374752405	addons.webextension.screenshots@mozilla.org	WARN	Loading extension 'screenshots@mozilla.org': Reading manifest: Invalid extension permission: about:reader*
JavaScript error: resource://gre/modules/XULStore.jsm, line 66: Error: Can't find profile directory.
console.error: "Could not write session state file " (new Error("_initWorker called too early! Please read the session file from disk first.", "resource:///modules/sessionstore/SessionFile.jsm", 375)) "_initWorker/<@resource:///modules/sessionstore/SessionFile.jsm:375:15\n_initWorker@resource:///modules/sessionstore/SessionFile.jsm:368:12\n_postToWorker@resource:///modules/sessionstore/SessionFile.jsm:410:16\nwrite@resource:///modules/sessionstore/SessionFile.jsm:448:24\nwrite@resource:///modules/sessionstore/SessionFile.jsm:75:32\n_writeState@resource:///modules/sessionstore/SessionSaver.jsm:360:24\n_saveState@resource:///modules/sessionstore/SessionSaver.jsm:294:17\n_saveStateAsync@resource:///modules/sessionstore/SessionSaver.jsm:344:10\nsaveStateAsyncWhenIdle@resource:///modules/sessionstore/SessionSaver.jsm:191:14\ncallback@resource://gre/modules/Timer.jsm:125:16\n"
1575374763487	Marionette	INFO	Listening on port 56019
1575374763858	Marionette	WARN	TLS certificate errors will be ignored for this session
1575374794716	Marionette	WARN	TimedPromise timed out after 500 ms: stacktrace:
bail@chrome://marionette/content/sync.js:237:64
[Child [Ch6696ild 4712, Chro, Chme_ChildThread] WARNING: pipe error: 109: file z:/task_1572401533/build/src/ipc/chromium/src/chrome/common/ipc_channel_win.cc, line 341rome_ChildThread] WARNING: pipe error: 109:
 file z:/task_1572401533/build/src/ipc/chromium/src/chrome/common/ipc_channel_win.cc, line 341
[Child 6696[Child 11100, Chrome_ChildThread] WARNING: pipe error: 109: file z:/task_1572401533/build/src/ipc/chromium/src/chrome/common/ipc_channel_win.cc, line 341575375816439	Marionette	INFO	Stopped listening on port 56019
[GPU 7
###!!! [Parent][RunMessage] Error: Channel closing: too late to send/recv, messages will be lost

1575375874404	mozrunner::runner	INFO	Running command: "C:\\Program Files\\Mozilla Firefox\\firefox.exe" "-marionette" "-foreground" "-no-remote" "-profile" "C:\\Users\\dbpython\\AppData\\Local\\Temp\\rust_mozprofileJxJc6k"
1575375881864	addons.webextension.screenshots@mozilla.org	WARN	Loading extension 'screenshots@mozilla.org': Reading manifest: Invalid extension permission: mozillaAddons
1575375881864	addons.webextension.screenshots@mozilla.org	WARN	Loading extension 'screenshots@mozilla.org': Reading manifest: Invalid extension permission: telemetry
1575375881865	addons.webextension.screenshots@mozilla.org	WARN	Loading extension 'screenshots@mozilla.org': Reading manifest: Invalid extension permission: resource://pdf.js/
1575375881865	addons.webextension.screenshots@mozilla.org	WARN	Loading extension 'screenshots@mozilla.org': Reading manifest: Invalid extension permission: about:reader*
JavaScript error: resource://gre/modules/XULStore.jsm, line 66: Error: Can't find profile directory.
1575375890536	Marionette	INFO	Listening on port 57129
1575375891096	Marionette	WARN	TLS certificate errors will be ignored for this session
console.warn: LoginRecipes: "getRecipes: falling back to a synchronous message for:" "https://car-journey.comparethemarket.com"
SourceActor threw an exception: [Exception... "Failed to open input source 'file:///'"  nsresult: "0x80004005 (NS_ERROR_FAILURE)"  location: "JS frame :: resource://devtools/shared/DevToolsUtils.js :: mainThreadFetch/< :: line 678"  data: yes]
Stack: mainThreadFetch/<@resource://devtools/shared/DevToolsUtils.js:678:15
mainThreadFetch@resource://devtools/shared/DevToolsUtils.js:530:10
_fetchURLContents@resource://devtools/server/actors/utils/TabSources.js:580:22
urlContents@resource://devtools/server/actors/utils/TabSources.js:547:17
_resurrectSource@resource://devtools/server/actors/thread.js:2033:69
addAllSources@resource://devtools/server/actors/thread.js:1334:14
onSources@resource://devtools/server/actors/thread.js:1340:10
onPacket@resource://devtools/server/debugger-server-connection.js:378:58
receiveMessage@resource://devtools/shared/transport/child-transport.js:66:16
Line: 678, column: 0
console.error: ({})
JavaScript error: resource://devtools/shared/DevToolsUtils.js, line 678: NS_ERROR_FAILURE: Failed to open input source 'file:///'
console.warn: LoginRecipes: "getRecipes: falling back to a synchronous message for:" "https://car-journey.comparethemarket.com"
console.error: "TypeError: parent is null: canMutationImpactCurrentStyles@resource://devtools/client/inspector/shared/style-change-tracker.js:63:24\nonMutations@resource://devtools/client/inspector/shared/style-change-tracker.js:80:41\nemit@resource://devtools/shared/event-emitter.js:190:24\nemit@resource://devtools/shared/event-emitter.js:271:18\ngetMutations/<@resource://devtools/shared/fronts/inspector.js:425:12\n"
TypeError: parent is null: canMutationImpactCurrentStyles@resource://devtools/client/inspector/shared/style-change-tracker.js:63:24
onMutations@resource://devtools/client/inspector/shared/style-change-tracker.js:80:41
emit@resource://devtools/shared/event-emitter.js:190:24
emit@resource://devtools/shared/event-emitter.js:271:18
getMutations/<@resource://devtools/shared/fronts/inspector.js:425:12

console.error: (new TypeError("container.node.targetFront is null", "resource://devtools/client/inspector/markup/markup.js", 2205))
JavaScript warning: https://z.moatads.com/ptarmiganmediadcm677757797954/moatad.js#moatClientLevel1=9093978&moatClientLevel2=23556996&moatClientLevel3=457208831&moatClientLevel4=125308848&moatClientSlicer1=5478695&moatClientSlicer2=261575554, line 12: Error: Script terminated by timeout at:
a.b.e@https://z.moatads.com/ptarmiganmediadcm677757797954/moatad.js#moatClientLevel1=9093978&moatClientLevel2=23556996&moatClientLevel3=457208831&moatClientLevel4=125308848&moatClientSlicer1=5478695&moatClientSlicer2=261575554:12:145
a.b.f@https://z.moatads.com/ptarmiganmediadcm677757797954/moatad.js#moatClientLevel1=9093978&moatClientLevel2=23556996&moatClientLevel3=457208831&moatClientLevel4=125308848&moatClientSlicer1=5478695&moatClientSlicer2=261575554:12:181
a.b.forEach@https://z.moatads.com/ptarmiganmediadcm677757797954/moatad.js#moatClientLevel1=9093978&moatClientLevel2=23556996&moatClientLevel3=457208831&moatClientLevel4=125308848&moatClientSlicer1=5478695&moatClientSlicer2=261575554:13:226
a.f.m@https://z.moatads.com/ptarmiganmediadcm677757797954/moatad.js#moatClientLevel1=9093978&moatClientLevel2=23556996&moatClientLevel3=457208831&moatClientLevel4=125308848&moatClientSlicer1=5478695&moatClientSlicer2=261575554:228:163
a.ap.a@https://z.moatads.com/ptarmiganmediadcm677757797954/moatad.js#moatClientLevel1=9093978&moatClientLevel2=23556996&moatClientLevel3=457208831&moatClientLevel4=125308848&moatClientSlicer1=5478695&moatClientSlicer2=261575554:238:143
a.f.s@https://z.moatads.com/ptarmiganmediadcm677757797954/moatad.js#moatClientLevel1=9093978&moatClientLevel2=23556996&moatClientLevel3=457208831&moatClientLevel4=125308848&moatClientSlicer1=5478695&moatClientSlicer2=261575554:239:201
a.f.al@https://z.moatads.com/ptarmiganmediadcm677757797954/moatad.js#moatClientLevel1=9093978&moatClientLevel2=23556996&moatClientLevel3=457208831&moatClientLevel4=125308848&moatClientSlicer1=5478695&moatClientSlicer2=261575554:242:398
a.f.am@https://z.moatads.com/ptarmiganmediadcm677757797954/moatad.js#moatClientLevel1=9093978&moatClientLevel2=23556996&moatClientLevel3=457208831&moatClientLevel4=125308848&moatClientSlicer1=5478695&moatClientSlicer2=261575554:243:23
Ea@https://z.moatads.com/ptarmiganmediadcm677757797954/moatad.js#moatClientLevel1=9093978&moatClientLevel2=23556996&moatClientLevel3=457208831&moatClientLevel4=125308848&moatClientSlicer1=5478695&moatClientSlicer2=261575554:4:453
Da@https://z.moatads.com/ptarmiganmediadcm677757797954/moatad.js#moatClientLevel1=9093978&moatClientLevel2=23556996&moatClientLevel3=457208831&moatClientLevel4=125308848&moatClientSlicer1=5478695&moatClientSlicer2=261575554:2:104
l/a.xa.sode.prototype.zaxs@https://z.moatads.com/ptarmiganmediadcm677757797954/moatad.js#moatClientLevel1=9093978&moatClientLevel2=23556996&moatClientLevel3=457208831&moatClientLevel4=125308848&moatClientSlicer1=5478695&moatClientSlicer2=261575554:102:280
@https://z.moatads.com/ptarmiganmediadcm677757797954/moatad.js#moatClientLevel1=9093978&moatClientLevel2=23556996&moatClientLevel3=457208831&moatClientLevel4=125308848&moatClientSlicer1=5478695&moatClientSlicer2=261575554:520:44
@https://z.moatads.com/ptarmiganmediadcm677757797954/moatad.js#moatClientLevel1=9093978&moatClientLevel2=23556996&moatClientLevel3=457208831&moatClientLevel4=125308848&moatClientSlicer1=5478695&moatClientSlicer2=261575554:520:130

JavaScript error: https://fw.adsafeprotected.com/rjss/www.googletagservices.com/332285/39146546/dcm/dcmads.js, line 957: NS_ERROR_NOT_INITIALIZED: 
JavaScript error: https://cdn.doubleverify.com/dv-measurements299.js, line 69: TypeError: k.c.L(...) is undefined
1575379030719	mozrunner::runner	INFO	Running command: "C:\\Program Files\\Mozilla Firefox\\firefox.exe" "-marionette" "-foreground" "-no-remote" "-profile" "C:\\Users\\dbpython\\AppData\\Local\\Temp\\rust_mozprofileTGnanb"
1575379036523	addons.webextension.screenshots@mozilla.org	WARN	Loading extension 'screenshots@mozilla.org': Reading manifest: Invalid extension permission: mozillaAddons
1575379036524	addons.webextension.screenshots@mozilla.org	WARN	Loading extension 'screenshots@mozilla.org': Reading manifest: Invalid extension permission: telemetry
1575379036524	addons.webextension.screenshots@mozilla.org	WARN	Loading extension 'screenshots@mozilla.org': Reading manifest: Invalid extension permission: resource://pdf.js/
1575379036524	addons.webextension.screenshots@mozilla.org	WARN	Loading extension 'screenshots@mozilla.org': Reading manifest: Invalid extension permission: about:reader*
JavaScript error: resource://gre/modules/XULStore.jsm, line 66: Error: Can't find profile directory.
1575379049279	Marionette	INFO	Listening on port 60180
1575379049421	Marionette	WARN	TLS certificate errors will be ignored for this session
[Parent 6124, Gecko_IOThread] WARNING: pipe error: 109: file z:/task_1572401533/build/src/ipc/chromium/src/chrome/common/ipc_channel_win.cc, line 341
[Child 6236, Chrome_ChildThread] WARNING: pipe error: 109: file z:/task_1572401533/build/src/ipc/chromium/src/chrome/common/ipc_channel_win.cc, line 341

###!!! [Parent][RunMessage] Error: Channel error: cannot send/recv


###!!! [Parent][RunMessage] Error: Channel error: cannot send/recv


###!!! [Parent][RunMessage] Error: Channel error: cannot send/recv


###!!! [Parent][RunMessage] Error: Channel error: cannot send/recv


###!!! [Parent][RunMessage] Error: Channel error: cannot send/recv


###!!! [Parent][MessageChannel] Error: (msgtype=0x570014,name=PHttpChannel::Msg_OnStartRequest) Channel error: cannot send/recv


###!!! [Parent][MessageChannel] Error: (msgtype=0x570014,name=PHttpChannel::Msg_OnStartRequest) Channel error: cannot send/recv

JavaScript error: resource:///modules/sessionstore/SessionStore.jsm, line 1845: TypeError: subject.QueryInterface is not a function
JavaScript error: resource:///modules/sessionstore/SessionStore.jsm, line 1845: TypeError: subject.QueryInterface is not a function
JavaScript error: resource:///modules/sessionstore/SessionStore.jsm, line 1845: TypeError: subject.QueryInterface is not a function
A content process crashed and MOZ_CRASHREPORTER_SHUTDOWN is set, shutting down

###!!! [Parent][MessageChannel] Error: (msgtype=0x570014,name=PHttpChannel::Msg_OnStartRequest) Channel error: cannot send/recv

JavaScript error: resource:///modules/sessionstore/SessionStore.jsm, line 1845: TypeError: subject.QueryInterface is not a function
A content process crashed and MOZ_CRASHREPORTER_SHUTDOWN is set, shutting down
[Parent 6124, Gecko_IOThread] WARNING: pipe error: 109: file z:/task_1572401533/build/src/ipc/chromium/src/chrome/common/ipc_channel_win.cc, line 341
[Child 6844, Chrome_ChildThread] WARNING: pipe error: 109: file z:/task_1572401533/build/src/ipc/chromium/src/chrome/common/ipc_channel_win.cc, line 341
[Child 6844, Chrome_Chilconsole.error: (new Error("SessionFile is closed", "resource:///modules/sessionstore/SessionFile.jsm", 433))
1575397625589	Marionette	INFO	Stopped listening on port 60180

###!!! [Child][MessageChannel::SendAndWait] Error: (msgtype=0x590005,name=PImageBridge::Msg_WillClose) Channel error: cannot send/recv

ko_IOThread] WARNING: file z:/task_1572401533/build/src/ipc/chromium/src/base/process_util_win.cc, line 160
1575397527070	Marionette	INFO	Listening on port 49915
1575397527309	Marionette	WARN	TLS certificate errors will be ignored for this session
[Child 5784, Chrome_ChildThread] WARNING: pipe error: 109: file z:/task_1572401533/build/src/ipc/chromium/src/chrome/common/ipc[Child 1_chan1576, Chrome_ChildThread] WARNING: pipe error: 109: file z:/task_1572401533/build/src/ipc/chromium/src/chrome/common/ipc_channel_win.cc, line 341nel_win.c
c, line 341[Child 11576, 
[Child 5784, Cconsole.error: (new Error("SessionFile is closed", "resource:///modules/sessionstore/SessionFile.jsm", 433))
[Child 7988, Chrome_ChildThread] WARNING: pipe error: 109: file z:/task_1572401533/build/src/ipc/chromium/src/chrome/common/ipc_channel_win.cc, line 341
[Child 7988, Chrom1575397620440	Marionette	INFO	Stopped listening on port 49915

###!!! [Child][RunMessage] Error: Channel closing: too late to send/recv, messages will be lost

[GPU 4580, Chrome_C1575397768675	mozrunner::runner	INFO	Running command: "C:\\Program Files\\Mozilla Firefox\\firefox.exe" "-marionette" "-foreground" "-no-remote" "-profile" "C:\\Users\\dbpython\\AppData\\Local\\Temp\\rust_mozprofiletEz4B2"
1575397783573	addons.webextension.screenshots@mozilla.org	WARN	Loading extension 'screenshots@mozilla.org': Reading manifest: Invalid extension permission: mozillaAddons
1575397783573	addons.webextension.screenshots@mozilla.org	WARN	Loading extension 'screenshots@mozilla.org': Reading manifest: Invalid extension permission: telemetry
1575397783574	addons.webextension.screenshots@mozilla.org	WARN	Loading extension 'screenshots@mozilla.org': Reading manifest: Invalid extension permission: resource://pdf.js/
1575397783574	addons.webextension.screenshots@mozilla.org	WARN	Loading extension 'screenshots@mozilla.org': Reading manifest: Invalid extension permission: about:reader*
JavaScript error: resource://gre/modules/XULStore.jsm, line 66: Error: Can't find profile directory.
1575397791404	Marionette	INFO	Listening on port 50351
1575397791621	Marionette	WARN	TLS certificate errors will be ignored for this session
[Parent 12200, Gecko_IOThread] WARNING: pipe error: 109: file z:/task_1572401533/build/src/ipc/chromium/src/chrome/common/ipc_channel_win.cc, line 341
[Child 5688, Chrome_ChildThread] WARNING: pipe error: 109: file z:/task_1572401533/build/src/ipc/chromium/src/chrome/common/ipc_channel_win.cc, line 341
[Child [Parent 12200, Gecko_IOThread] WARNING: pipe error: 109: file z:/task_1572401533/build/src/ipc/chromium/src/chrome/common/ipc_channel_win.cc, line 341
[Child 8904, Chrome_ChildThread] WARNING: pipe error: 109: file z:/task_1572401533/build/src/ipc/chromium/src/chrome/common/ipc_channel_win.cc, line 341
[Child 8904, Chrome_ChildTh[Parent 12200, Gecko_IOThread] WARNING: pipe error: 109: file z:/task_1572401533/build/src/ipc/chromium/src/chrome/common/ipc_channel_win.cc, line 341
[Child 10564, Chrome_ChildThread] WARNING: pipe error: 109: file z:/task_1572401533/build/src/ipc/chromium/src/chrome/common/ipc_channel_win.cc, line 341
[Child 105641575397840195	Marionette	INFO	Stopped listening on port 50351

###!!! [Child][RunMessage] Error: Channel closing: too late to send/recv, messages will be lost

[1575398047980	mozrunner::runner	INFO	Running command: "C:\\Program Files\\Mozilla Firefox\\firefox.exe" "-marionette" "-foreground" "-no-remote" "-profile" "C:\\Users\\dbpython\\AppData\\Local\\Temp\\rust_mozprofilehmmQ2s"
1575398050988	addons.webextension.screenshots@mozilla.org	WARN	Loading extension 'screenshots@mozilla.org': Reading manifest: Invalid extension permission: mozillaAddons
1575398050989	addons.webextension.screenshots@mozilla.org	WARN	Loading extension 'screenshots@mozilla.org': Reading manifest: Invalid extension permission: telemetry
1575398050989	addons.webextension.screenshots@mozilla.org	WARN	Loading extension 'screenshots@mozilla.org': Reading manifest: Invalid extension permission: resource://pdf.js/
1575398050989	addons.webextension.screenshots@mozilla.org	WARN	Loading extension 'screenshots@mozilla.org': Reading manifest: Invalid extension permission: about:reader*
JavaScript error: resource://gre/modules/XULStore.jsm, line 66: Error: Can't find profile directory.
console.error: "Could not write session state file " (new Error("_initWorker called too early! Please read the session file from disk first.", "resource:///modules/sessionstore/SessionFile.jsm", 375)) "_initWorker/<@resource:///modules/sessionstore/SessionFile.jsm:375:15\n_initWorker@resource:///modules/sessionstore/SessionFile.jsm:368:12\n_postToWorker@resource:///modules/sessionstore/SessionFile.jsm:410:16\nwrite@resource:///modules/sessionstore/SessionFile.jsm:448:24\nwrite@resource:///modules/sessionstore/SessionFile.jsm:75:32\n_writeState@resource:///modules/sessionstore/SessionSaver.jsm:360:24\n_saveState@resource:///modules/sessionstore/SessionSaver.jsm:294:17\n_saveStateAsync@resource:///modules/sessionstore/SessionSaver.jsm:344:10\nsaveStateAsyncWhenIdle@resource:///modules/sessionstore/SessionSaver.jsm:191:14\ncallback@resource://gre/modules/Timer.jsm:125:16\n"
1575398060770	Marionette	INFO	Listening on port 50758
1575398061131	Marionette	WARN	TLS certificate errors will be ignored for this session
[Parent 6192, Gecko_IOThread] WARNING: pipe error: 109: file z:/task_1572401533/build/src/ipc/chromium/src/chrome/common/ipc_channel_win.cc, line 341
1575407250670	mozrunner::runner	INFO	Running command: "C:\\Program Files\\Mozilla Firefox\\firefox.exe" "-marionette" "-foreground" "-no-remote" "-profile" "C:\\Users\\dbpython\\AppData\\Local\\Temp\\rust_mozprofileqR5Q5h"
1575407273953	addons.webextension.screenshots@mozilla.org	WARN	Loading extension 'screenshots@mozilla.org': Reading manifest: Invalid extension permission: mozillaAddons
1575407273953	addons.webextension.screenshots@mozilla.org	WARN	Loading extension 'screenshots@mozilla.org': Reading manifest: Invalid extension permission: telemetry
1575407273954	addons.webextension.screenshots@mozilla.org	WARN	Loading extension 'screenshots@mozilla.org': Reading manifest: Invalid extension permission: resource://pdf.js/
1575407273954	addons.webextension.screenshots@mozilla.org	WARN	Loading extension 'screenshots@mozilla.org': Reading manifest: Invalid extension permission: about:reader*
JavaScript error: resource://gre/modules/XULStore.jsm, line 66: Error: Can't find profile directory.
[Parent 12020, Gecko_IOThread] WARNING: pipe error: 109: file z:/task_1572401533/build/src/ipc/chromium/src/chrome/common/ipc_channel_win.cc, line 341
[Child 7068, Chrome_ChildThread] WARNING: pipe error: 109: file z:/task_1572401533/build/src/ipc/chromium/src/chrome/common/ipc_channel_win.cc, line 341
[Parent 12020, Gecko_IOThread] WARNING: file z:/task_1572401533/build/src/ipc/chromium/src/base/process_util_win.cc, line 160
1575407308302	Marionette	INFO	Listening on port 52392
1575407308714	Marionette	WARN	TLS certificate errors will be ignored for this session
[Child 4216, Chrome_ChildThread] WARNING: pipe error: 109: file z:/task_1572401533/build/src/ipc/chromium/src/chrome/common/ipc_channel_win.cc, line 341
[Child 4216, Chrome_[Child 5812, Chrome_ChildThread] WARNING: pipe error: 109: file z:/task_1572401533/build/src/ipc/chromium/src/chrome/common/ipc_channel_win.cc, line 341
[Child 11820, Chrome_ChildThread] WARNING: pipe error: 109: file z:/task_1572401533/build/src/ipc/chromium/src/chrome/common/ipc_channel_win.cc, line 341
[Ch1575407625232	Marionette	INFO	Stopped listening on port 52392

###!!! [Child][RunMessage] Error: Channel closing: too late to send/recv, messages will be lost

[GPU 6824, Chrome_C